<?xml version="1.0" encoding="UTF-8"?>
<!-- Generated by org.testng.reporters.JUnitXMLReporter -->
<testsuite hostname="LAPTOP-KR2Q4MNQ" ignored="0" name="Default test" tests="3" failures="0" timestamp="29 Apr 2018 21:25:49 GMT" time="27.996" errors="0">
  <testcase name="verifyLoginPageTitleTest" time="0.042" classname="com.linkedin1.qa.tests.LoginPageTest"/>
  <testcase name="verifyLoginPageLogo" time="0.27" classname="com.linkedin1.qa.tests.LoginPageTest"/>
  <testcase name="loginTest" time="1.993" classname="com.linkedin1.qa.tests.LoginPageTest"/>
</testsuite> <!-- Default test -->
