<?xml version="1.0" encoding="UTF-8"?>
<!-- Generated by org.testng.reporters.JUnitXMLReporter -->
<testsuite hostname="LAPTOP-KR2Q4MNQ" ignored="0" name="Default test" tests="3" failures="0" timestamp="28 Apr 2018 15:41:32 GMT" time="41.044" errors="0">
  <testcase name="verifyLoginPageTitleTest" time="0.061" classname="com.linkedin1.qa.tests.LoginPageTest"/>
  <testcase name="verifyLoginPageLogo" time="0.122" classname="com.linkedin1.qa.tests.LoginPageTest"/>
  <testcase name="loginTest" time="1.663" classname="com.linkedin1.qa.tests.LoginPageTest"/>
</testsuite> <!-- Default test -->
