<?xml version="1.0" encoding="UTF-8"?>
<testng-results skipped="0" failed="0" ignored="0" total="3" passed="3">
  <reporter-output>
  </reporter-output>
  <suite name="Default suite" duration-ms="27996" started-at="2018-04-29T21:25:21Z" finished-at="2018-04-29T21:25:49Z">
    <groups>
    </groups>
    <test name="Default test" duration-ms="27996" started-at="2018-04-29T21:25:21Z" finished-at="2018-04-29T21:25:49Z">
      <class name="com.linkedin1.qa.tests.LoginPageTest">
        <test-method status="PASS" signature="setUp()[pri:0, instance:com.linkedin1.qa.tests.LoginPageTest@2a70a3d8]" name="setUp" is-config="true" duration-ms="7607" started-at="2018-04-29T21:25:21Z" finished-at="2018-04-29T21:25:28Z">
          <reporter-output>
          </reporter-output>
        </test-method> <!-- setUp -->
        <test-method status="PASS" signature="verifyLoginPageTitleTest()[pri:1, instance:com.linkedin1.qa.tests.LoginPageTest@2a70a3d8]" name="verifyLoginPageTitleTest" duration-ms="42" started-at="2018-04-29T21:25:28Z" finished-at="2018-04-29T21:25:28Z">
          <reporter-output>
          </reporter-output>
        </test-method> <!-- verifyLoginPageTitleTest -->
        <test-method status="PASS" signature="tearDown()[pri:0, instance:com.linkedin1.qa.tests.LoginPageTest@2a70a3d8]" name="tearDown" is-config="true" duration-ms="2135" started-at="2018-04-29T21:25:28Z" finished-at="2018-04-29T21:25:30Z">
          <reporter-output>
          </reporter-output>
        </test-method> <!-- tearDown -->
        <test-method status="PASS" signature="setUp()[pri:0, instance:com.linkedin1.qa.tests.LoginPageTest@2a70a3d8]" name="setUp" is-config="true" duration-ms="5791" started-at="2018-04-29T21:25:30Z" finished-at="2018-04-29T21:25:36Z">
          <reporter-output>
          </reporter-output>
        </test-method> <!-- setUp -->
        <test-method status="PASS" signature="verifyLoginPageLogo()[pri:2, instance:com.linkedin1.qa.tests.LoginPageTest@2a70a3d8]" name="verifyLoginPageLogo" duration-ms="270" started-at="2018-04-29T21:25:36Z" finished-at="2018-04-29T21:25:36Z">
          <reporter-output>
          </reporter-output>
        </test-method> <!-- verifyLoginPageLogo -->
        <test-method status="PASS" signature="tearDown()[pri:0, instance:com.linkedin1.qa.tests.LoginPageTest@2a70a3d8]" name="tearDown" is-config="true" duration-ms="2123" started-at="2018-04-29T21:25:36Z" finished-at="2018-04-29T21:25:39Z">
          <reporter-output>
          </reporter-output>
        </test-method> <!-- tearDown -->
        <test-method status="PASS" signature="setUp()[pri:0, instance:com.linkedin1.qa.tests.LoginPageTest@2a70a3d8]" name="setUp" is-config="true" duration-ms="5542" started-at="2018-04-29T21:25:39Z" finished-at="2018-04-29T21:25:44Z">
          <reporter-output>
          </reporter-output>
        </test-method> <!-- setUp -->
        <test-method status="PASS" signature="loginTest()[pri:3, instance:com.linkedin1.qa.tests.LoginPageTest@2a70a3d8]" name="loginTest" duration-ms="1993" started-at="2018-04-29T21:25:44Z" finished-at="2018-04-29T21:25:46Z">
          <reporter-output>
          </reporter-output>
        </test-method> <!-- loginTest -->
        <test-method status="PASS" signature="tearDown()[pri:0, instance:com.linkedin1.qa.tests.LoginPageTest@2a70a3d8]" name="tearDown" is-config="true" duration-ms="2440" started-at="2018-04-29T21:25:46Z" finished-at="2018-04-29T21:25:49Z">
          <reporter-output>
          </reporter-output>
        </test-method> <!-- tearDown -->
      </class> <!-- com.linkedin1.qa.tests.LoginPageTest -->
    </test> <!-- Default test -->
  </suite> <!-- Default suite -->
</testng-results>
